<?xml version="1.0" encoding="UTF-8"?>
<testsuite name="org.todo.enetity.UserRepositoryTest" tests="1" skipped="0" failures="0" errors="0" timestamp="2022-07-19T16:07:42" hostname="DESKTOP-2DU45CF" time="0.248">
  <properties/>
  <testcase name="user_save_find()" classname="org.todo.enetity.UserRepositoryTest" time="0.248"/>
  <system-out><![CDATA[01:07:38.326 [Test worker] DEBUG org.springframework.test.context.BootstrapUtils - Instantiating CacheAwareContextLoaderDelegate from class [org.springframework.test.context.cache.DefaultCacheAwareContextLoaderDelegate]
01:07:38.335 [Test worker] DEBUG org.springframework.test.context.BootstrapUtils - Instantiating BootstrapContext using constructor [public org.springframework.test.context.support.DefaultBootstrapContext(java.lang.Class,org.springframework.test.context.CacheAwareContextLoaderDelegate)]
01:07:38.367 [Test worker] DEBUG org.springframework.test.context.BootstrapUtils - Instantiating TestContextBootstrapper for test class [org.todo.enetity.UserRepositoryTest] from class [org.springframework.boot.test.context.SpringBootTestContextBootstrapper]
01:07:38.376 [Test worker] INFO org.springframework.boot.test.context.SpringBootTestContextBootstrapper - Neither @ContextConfiguration nor @ContextHierarchy found for test class [org.todo.enetity.UserRepositoryTest], using SpringBootContextLoader
01:07:38.379 [Test worker] DEBUG org.springframework.test.context.support.AbstractContextLoader - Did not detect default resource location for test class [org.todo.enetity.UserRepositoryTest]: class path resource [org/todo/enetity/UserRepositoryTest-context.xml] does not exist
01:07:38.380 [Test worker] DEBUG org.springframework.test.context.support.AbstractContextLoader - Did not detect default resource location for test class [org.todo.enetity.UserRepositoryTest]: class path resource [org/todo/enetity/UserRepositoryTestContext.groovy] does not exist
01:07:38.380 [Test worker] INFO org.springframework.test.context.support.AbstractContextLoader - Could not detect default resource locations for test class [org.todo.enetity.UserRepositoryTest]: no resource found for suffixes {-context.xml, Context.groovy}.
01:07:38.381 [Test worker] INFO org.springframework.test.context.support.AnnotationConfigContextLoaderUtils - Could not detect default configuration classes for test class [org.todo.enetity.UserRepositoryTest]: UserRepositoryTest does not declare any static, non-private, non-final, nested classes annotated with @Configuration.
01:07:38.415 [Test worker] DEBUG org.springframework.test.context.support.ActiveProfilesUtils - Could not find an 'annotation declaring class' for annotation type [org.springframework.test.context.ActiveProfiles] and class [org.todo.enetity.UserRepositoryTest]
01:07:38.461 [Test worker] DEBUG org.springframework.context.annotation.ClassPathScanningCandidateComponentProvider - Identified candidate component class: file [C:\Users\Growth Life\IdeaProjects\ToDo_Project\build\classes\java\main\org\todo\ToDoApplication.class]
01:07:38.461 [Test worker] INFO org.springframework.boot.test.context.SpringBootTestContextBootstrapper - Found @SpringBootConfiguration org.todo.ToDoApplication for test class org.todo.enetity.UserRepositoryTest
01:07:38.544 [Test worker] DEBUG org.springframework.boot.test.context.SpringBootTestContextBootstrapper - @TestExecutionListeners is not present for class [org.todo.enetity.UserRepositoryTest]: using defaults.
01:07:38.544 [Test worker] INFO org.springframework.boot.test.context.SpringBootTestContextBootstrapper - Loaded default TestExecutionListener class names from location [META-INF/spring.factories]: [org.springframework.boot.test.autoconfigure.restdocs.RestDocsTestExecutionListener, org.springframework.boot.test.autoconfigure.web.client.MockRestServiceServerResetTestExecutionListener, org.springframework.boot.test.autoconfigure.web.servlet.MockMvcPrintOnlyOnFailureTestExecutionListener, org.springframework.boot.test.autoconfigure.web.servlet.WebDriverTestExecutionListener, org.springframework.boot.test.autoconfigure.webservices.client.MockWebServiceServerTestExecutionListener, org.springframework.boot.test.mock.mockito.MockitoTestExecutionListener, org.springframework.boot.test.mock.mockito.ResetMocksTestExecutionListener, org.springframework.test.context.web.ServletTestExecutionListener, org.springframework.test.context.support.DirtiesContextBeforeModesTestExecutionListener, org.springframework.test.context.event.ApplicationEventsTestExecutionListener, org.springframework.test.context.support.DependencyInjectionTestExecutionListener, org.springframework.test.context.support.DirtiesContextTestExecutionListener, org.springframework.test.context.transaction.TransactionalTestExecutionListener, org.springframework.test.context.jdbc.SqlScriptsTestExecutionListener, org.springframework.test.context.event.EventPublishingTestExecutionListener]
01:07:38.557 [Test worker] INFO org.springframework.boot.test.context.SpringBootTestContextBootstrapper - Using TestExecutionListeners: [org.springframework.test.context.web.ServletTestExecutionListener@21680803, org.springframework.test.context.support.DirtiesContextBeforeModesTestExecutionListener@588ab592, org.springframework.test.context.event.ApplicationEventsTestExecutionListener@c8b96ec, org.springframework.boot.test.mock.mockito.MockitoTestExecutionListener@4cc61eb1, org.springframework.boot.test.autoconfigure.SpringBootDependencyInjectionTestExecutionListener@2d8f2f3a, org.springframework.test.context.support.DirtiesContextTestExecutionListener@2024293c, org.springframework.test.context.transaction.TransactionalTestExecutionListener@7048f722, org.springframework.test.context.jdbc.SqlScriptsTestExecutionListener@c074c0c, org.springframework.test.context.event.EventPublishingTestExecutionListener@58a55449, org.springframework.boot.test.autoconfigure.restdocs.RestDocsTestExecutionListener@5949eba8, org.springframework.boot.test.autoconfigure.web.client.MockRestServiceServerResetTestExecutionListener@6e0ff644, org.springframework.boot.test.autoconfigure.web.servlet.MockMvcPrintOnlyOnFailureTestExecutionListener@58dea0a5, org.springframework.boot.test.autoconfigure.web.servlet.WebDriverTestExecutionListener@2a2bb0eb, org.springframework.boot.test.autoconfigure.webservices.client.MockWebServiceServerTestExecutionListener@3c291aad, org.springframework.boot.test.mock.mockito.ResetMocksTestExecutionListener@2d0566ba]
01:07:38.561 [Test worker] DEBUG org.springframework.test.context.support.AbstractDirtiesContextTestExecutionListener - Before test class: context [DefaultTestContext@7bdf6bb7 testClass = UserRepositoryTest, testInstance = [null], testMethod = [null], testException = [null], mergedContextConfiguration = [WebMergedContextConfiguration@1bc53649 testClass = UserRepositoryTest, locations = '{}', classes = '{class org.todo.ToDoApplication}', contextInitializerClasses = '[]', activeProfiles = '{}', propertySourceLocations = '{}', propertySourceProperties = '{org.springframework.boot.test.context.SpringBootTestContextBootstrapper=true}', contextCustomizers = set[org.springframework.boot.test.autoconfigure.actuate.metrics.MetricsExportContextCustomizerFactory$DisableMetricExportContextCustomizer@7fc6de5b, org.springframework.boot.test.autoconfigure.properties.PropertyMappingContextCustomizer@0, org.springframework.boot.test.autoconfigure.web.servlet.WebDriverContextCustomizerFactory$Customizer@57eda880, org.springframework.boot.test.context.filter.ExcludeFilterContextCustomizer@7c209437, org.springframework.boot.test.json.DuplicateJsonObjectContextCustomizerFactory$DuplicateJsonObjectContextCustomizer@4febb875, org.springframework.boot.test.mock.mockito.MockitoContextCustomizer@0, org.springframework.boot.test.web.client.TestRestTemplateContextCustomizer@758c83d8, org.springframework.boot.test.context.SpringBootTestArgs@1, org.springframework.boot.test.context.SpringBootTestWebEnvironment@1ec9bd38], resourceBasePath = 'src/main/webapp', contextLoader = 'org.springframework.boot.test.context.SpringBootContextLoader', parent = [null]], attributes = map['org.springframework.test.context.web.ServletTestExecutionListener.activateListener' -> true]], class annotated with @DirtiesContext [false] with mode [null].

  .   ____          _            __ _ _
 /\\ / ___'_ __ _ _(_)_ __  __ _ \ \ \ \
( ( )\___ | '_ | '_| | '_ \/ _` | \ \ \ \
 \\/  ___)| |_)| | | | | || (_| |  ) ) ) )
  '  |____| .__|_| |_|_| |_\__, | / / / /
 =========|_|==============|___/=/_/_/_/
 :: Spring Boot ::                (v2.7.1)

2022-07-20 01:07:38.843  INFO 8652 --- [    Test worker] org.todo.enetity.UserRepositoryTest      : Starting UserRepositoryTest using Java 11.0.15 on DESKTOP-2DU45CF with PID 8652 (started by Growth Life in C:\Users\Growth Life\IdeaProjects\ToDo_Project)
2022-07-20 01:07:38.844  INFO 8652 --- [    Test worker] org.todo.enetity.UserRepositoryTest      : No active profile set, falling back to 1 default profile: "default"
2022-07-20 01:07:39.340  INFO 8652 --- [    Test worker] .s.d.r.c.RepositoryConfigurationDelegate : Bootstrapping Spring Data JPA repositories in DEFAULT mode.
2022-07-20 01:07:39.381  INFO 8652 --- [    Test worker] .s.d.r.c.RepositoryConfigurationDelegate : Finished Spring Data repository scanning in 35 ms. Found 2 JPA repository interfaces.
2022-07-20 01:07:39.814  INFO 8652 --- [    Test worker] o.hibernate.jpa.internal.util.LogHelper  : HHH000204: Processing PersistenceUnitInfo [name: default]
2022-07-20 01:07:39.860  INFO 8652 --- [    Test worker] org.hibernate.Version                    : HHH000412: Hibernate ORM core version 5.6.9.Final
2022-07-20 01:07:40.002  INFO 8652 --- [    Test worker] o.hibernate.annotations.common.Version   : HCANN000001: Hibernate Commons Annotations {5.1.2.Final}
2022-07-20 01:07:40.100  INFO 8652 --- [    Test worker] com.zaxxer.hikari.HikariDataSource       : HikariPool-1 - Starting...
2022-07-20 01:07:40.339  INFO 8652 --- [    Test worker] com.zaxxer.hikari.HikariDataSource       : HikariPool-1 - Start completed.
2022-07-20 01:07:40.354  INFO 8652 --- [    Test worker] org.hibernate.dialect.Dialect            : HHH000400: Using dialect: org.hibernate.dialect.MySQL5InnoDBDialect
Hibernate: 
    
    alter table user_team_board 
       drop 
       foreign key FKthf0gpn98e89icp6pasbem5q1
Hibernate: 
    
    alter table user_team_board 
       drop 
       foreign key FKof4dsrtq2nlw2q6ef34ynt6wd
Hibernate: 
    
    drop table if exists team_board
Hibernate: 
    
    drop table if exists user
Hibernate: 
    
    drop table if exists user_team_board
Hibernate: 
    
    create table team_board (
       bno bigint not null auto_increment,
        created_date datetime,
        modified_date datetime,
        comment_cnt integer not null,
        content varchar(255),
        title varchar(255),
        view_cnt integer not null,
        writer varchar(255),
        primary key (bno)
    ) engine=InnoDB
Hibernate: 
    
    create table user (
       user_id bigint not null auto_increment,
        created_date datetime,
        modified_date datetime,
        login_id varchar(255),
        name varchar(255),
        phone varchar(255),
        pwd varchar(255),
        user_status varchar(255),
        primary key (user_id)
    ) engine=InnoDB
Hibernate: 
    
    create table user_team_board (
       user_team_board_id bigint not null auto_increment,
        team_board bigint,
        user bigint,
        primary key (user_team_board_id)
    ) engine=InnoDB
Hibernate: 
    
    alter table user_team_board 
       add constraint FKthf0gpn98e89icp6pasbem5q1 
       foreign key (team_board) 
       references team_board (bno)
Hibernate: 
    
    alter table user_team_board 
       add constraint FKof4dsrtq2nlw2q6ef34ynt6wd 
       foreign key (user) 
       references user (user_id)
2022-07-20 01:07:41.077  INFO 8652 --- [    Test worker] o.h.e.t.j.p.i.JtaPlatformInitiator       : HHH000490: Using JtaPlatform implementation: [org.hibernate.engine.transaction.jta.platform.internal.NoJtaPlatform]
2022-07-20 01:07:41.085  INFO 8652 --- [    Test worker] j.LocalContainerEntityManagerFactoryBean : Initialized JPA EntityManagerFactory for persistence unit 'default'
2022-07-20 01:07:41.304  WARN 8652 --- [    Test worker] JpaBaseConfiguration$JpaWebConfiguration : spring.jpa.open-in-view is enabled by default. Therefore, database queries may be performed during view rendering. Explicitly configure spring.jpa.open-in-view to disable this warning
2022-07-20 01:07:41.983  INFO 8652 --- [    Test worker] org.todo.enetity.UserRepositoryTest      : Started UserRepositoryTest in 3.395 seconds (JVM running for 4.308)
Hibernate: 
    select
        user0_.user_id as user_id1_1_0_,
        user0_.created_date as created_2_1_0_,
        user0_.modified_date as modified3_1_0_,
        user0_.login_id as login_id4_1_0_,
        user0_.name as name5_1_0_,
        user0_.phone as phone6_1_0_,
        user0_.pwd as pwd7_1_0_,
        user0_.user_status as user_sta8_1_0_ 
    from
        user user0_ 
    where
        user0_.user_id=?
Hibernate: 
    insert 
    into
        user
        (created_date, modified_date, login_id, name, phone, pwd, user_status) 
    values
        (?, ?, ?, ?, ?, ?, ?)
Hibernate: 
    update
        user 
    set
        created_date=?,
        modified_date=?,
        login_id=?,
        name=?,
        phone=?,
        pwd=?,
        user_status=? 
    where
        user_id=?
Hibernate: 
    select
        user0_.user_id as user_id1_1_0_,
        user0_.created_date as created_2_1_0_,
        user0_.modified_date as modified3_1_0_,
        user0_.login_id as login_id4_1_0_,
        user0_.name as name5_1_0_,
        user0_.phone as phone6_1_0_,
        user0_.pwd as pwd7_1_0_,
        user0_.user_status as user_sta8_1_0_ 
    from
        user user0_ 
    where
        user0_.user_id=?
Hibernate: 
    select
        user0_.user_id as user_id1_1_0_,
        user0_.created_date as created_2_1_0_,
        user0_.modified_date as modified3_1_0_,
        user0_.login_id as login_id4_1_0_,
        user0_.name as name5_1_0_,
        user0_.phone as phone6_1_0_,
        user0_.pwd as pwd7_1_0_,
        user0_.user_status as user_sta8_1_0_ 
    from
        user user0_ 
    where
        user0_.user_id=?
]]></system-out>
  <system-err><![CDATA[]]></system-err>
</testsuite>
